\BOOKMARK [0][-]{chapter.1}{Introduction}{}% 1
\BOOKMARK [0][-]{chapter.2}{An\040Overview\040of\040Determining\040Kamatz\040Length}{}% 2
\BOOKMARK [0][-]{chapter.3}{Chumash}{}% 3
\BOOKMARK [1][-]{section.3.1}{Genesis}{chapter.3}% 4
\BOOKMARK [2][-]{subsection.3.1.1}{Noaḥ}{section.3.1}% 5
\BOOKMARK [2][-]{subsection.3.1.2}{Lekh-lekha}{section.3.1}% 6
\BOOKMARK [2][-]{subsection.3.1.3}{Vayera}{section.3.1}% 7
\BOOKMARK [2][-]{subsection.3.1.4}{Ḥayei Sara}{section.3.1}% 8
\BOOKMARK [2][-]{subsection.3.1.5}{Toledot}{section.3.1}% 9
\BOOKMARK [2][-]{subsection.3.1.6}{Vayetzei}{section.3.1}% 10
\BOOKMARK [2][-]{subsection.3.1.7}{Vayeshev}{section.3.1}% 11
\BOOKMARK [2][-]{subsection.3.1.8}{Mikketz}{section.3.1}% 12
\BOOKMARK [2][-]{subsection.3.1.9}{Vayigash}{section.3.1}% 13
\BOOKMARK [1][-]{section.3.2}{Exodus}{chapter.3}% 14
\BOOKMARK [2][-]{subsection.3.2.1}{Va'era}{section.3.2}% 15
\BOOKMARK [2][-]{subsection.3.2.2}{Bo}{section.3.2}% 16
\BOOKMARK [2][-]{subsection.3.2.3}{Beshallaḥ}{section.3.2}% 17
\BOOKMARK [2][-]{subsection.3.2.4}{Yitro}{section.3.2}% 18
\BOOKMARK [2][-]{subsection.3.2.5}{Mishpatim}{section.3.2}% 19
\BOOKMARK [2][-]{subsection.3.2.6}{Teruma}{section.3.2}% 20
\BOOKMARK [2][-]{subsection.3.2.7}{Tetzaveh}{section.3.2}% 21
\BOOKMARK [2][-]{subsection.3.2.8}{Ki-tissa}{section.3.2}% 22
\BOOKMARK [2][-]{subsection.3.2.9}{Vayakhel}{section.3.2}% 23
\BOOKMARK [2][-]{subsection.3.2.10}{Pekudei}{section.3.2}% 24
\BOOKMARK [1][-]{section.3.3}{Leviticus}{chapter.3}% 25
\BOOKMARK [2][-]{subsection.3.3.1}{Tzav}{section.3.3}% 26
\BOOKMARK [2][-]{subsection.3.3.2}{Shemini}{section.3.3}% 27
\BOOKMARK [2][-]{subsection.3.3.3}{Tazriaȝ}{section.3.3}% 28
\BOOKMARK [2][-]{subsection.3.3.4}{Metzoraȝ}{section.3.3}% 29
\BOOKMARK [2][-]{subsection.3.3.5}{Aḥarei-mot}{section.3.3}% 30
\BOOKMARK [2][-]{subsection.3.3.6}{Kedoshim}{section.3.3}% 31
\BOOKMARK [2][-]{subsection.3.3.7}{'Emor}{section.3.3}% 32
\BOOKMARK [2][-]{subsection.3.3.8}{Behar}{section.3.3}% 33
\BOOKMARK [2][-]{subsection.3.3.9}{Beḥukotai}{section.3.3}% 34
\BOOKMARK [1][-]{section.3.4}{Numbers}{chapter.3}% 35
\BOOKMARK [2][-]{subsection.3.4.1}{Naso}{section.3.4}% 36
\BOOKMARK [2][-]{subsection.3.4.2}{Behaȝalotekha}{section.3.4}% 37
\BOOKMARK [2][-]{subsection.3.4.3}{Shelaḥ-lekha}{section.3.4}% 38
\BOOKMARK [2][-]{subsection.3.4.4}{Koraḥ}{section.3.4}% 39
\BOOKMARK [2][-]{subsection.3.4.5}{Ḥukkat}{section.3.4}% 40
\BOOKMARK [2][-]{subsection.3.4.6}{Balak}{section.3.4}% 41
\BOOKMARK [2][-]{subsection.3.4.7}{Pinḥas}{section.3.4}% 42
\BOOKMARK [2][-]{subsection.3.4.8}{Mattot}{section.3.4}% 43
\BOOKMARK [2][-]{subsection.3.4.9}{Masȝei}{section.3.4}% 44
\BOOKMARK [1][-]{section.3.5}{Deuteronomy}{chapter.3}% 45
\BOOKMARK [2][-]{subsection.3.5.1}{Va'etḥanan}{section.3.5}% 46
\BOOKMARK [2][-]{subsection.3.5.2}{Ȝekev}{section.3.5}% 47
\BOOKMARK [2][-]{subsection.3.5.3}{Re'eh}{section.3.5}% 48
\BOOKMARK [2][-]{subsection.3.5.4}{Shofetim}{section.3.5}% 49
\BOOKMARK [2][-]{subsection.3.5.5}{Ki-tetzei}{section.3.5}% 50
\BOOKMARK [2][-]{subsection.3.5.6}{Ki-tavo}{section.3.5}% 51
\BOOKMARK [2][-]{subsection.3.5.7}{Nitzavim}{section.3.5}% 52
\BOOKMARK [2][-]{subsection.3.5.8}{Vayelekh}{section.3.5}% 53
\BOOKMARK [2][-]{subsection.3.5.9}{Ha'azinu}{section.3.5}% 54
\BOOKMARK [2][-]{subsection.3.5.10}{Vezot\040Haberakha}{section.3.5}% 55
\BOOKMARK [0][-]{chapter.4}{The\040Prophets}{}% 56
\BOOKMARK [1][-]{section.4.1}{Former\040Prophets}{chapter.4}% 57
\BOOKMARK [2][-]{subsection.4.1.1}{Joshua}{section.4.1}% 58
\BOOKMARK [2][-]{subsection.4.1.2}{Judges}{section.4.1}% 59
\BOOKMARK [2][-]{subsection.4.1.3}{Samuel}{section.4.1}% 60
\BOOKMARK [2][-]{subsection.4.1.4}{Kings}{section.4.1}% 61
\BOOKMARK [1][-]{section.4.2}{Latter\040Prophets}{chapter.4}% 62
\BOOKMARK [2][-]{subsection.4.2.1}{Isaiah}{section.4.2}% 63
\BOOKMARK [2][-]{subsection.4.2.2}{Jeremiah}{section.4.2}% 64
\BOOKMARK [2][-]{subsection.4.2.3}{Ezekiel}{section.4.2}% 65
\BOOKMARK [1][-]{section.4.3}{Twelve\040Minor\040Prophets}{chapter.4}% 66
\BOOKMARK [2][-]{subsection.4.3.1}{Hosea}{section.4.3}% 67
\BOOKMARK [2][-]{subsection.4.3.2}{Joel}{section.4.3}% 68
\BOOKMARK [2][-]{subsection.4.3.3}{Amos}{section.4.3}% 69
\BOOKMARK [2][-]{subsection.4.3.4}{Obadiah}{section.4.3}% 70
\BOOKMARK [2][-]{subsection.4.3.5}{Jonah}{section.4.3}% 71
\BOOKMARK [2][-]{subsection.4.3.6}{Micah}{section.4.3}% 72
\BOOKMARK [2][-]{subsection.4.3.7}{Nahum}{section.4.3}% 73
\BOOKMARK [2][-]{subsection.4.3.8}{Habakkuk}{section.4.3}% 74
\BOOKMARK [2][-]{subsection.4.3.9}{Zephaniah}{section.4.3}% 75
\BOOKMARK [2][-]{subsection.4.3.10}{Haggai}{section.4.3}% 76
\BOOKMARK [2][-]{subsection.4.3.11}{Zechariah}{section.4.3}% 77
\BOOKMARK [2][-]{subsection.4.3.12}{Malachi}{section.4.3}% 78
\BOOKMARK [0][-]{chapter.5}{The\040Writings}{}% 79
\BOOKMARK [1][-]{section.5.1}{The\040Five\040Megillot}{chapter.5}% 80
\BOOKMARK [2][-]{subsection.5.1.1}{Song\040of\040Songs}{section.5.1}% 81
\BOOKMARK [2][-]{subsection.5.1.2}{Ruth}{section.5.1}% 82
\BOOKMARK [2][-]{subsection.5.1.3}{Lamentations}{section.5.1}% 83
\BOOKMARK [2][-]{subsection.5.1.4}{Ecclesiastes}{section.5.1}% 84
\BOOKMARK [2][-]{subsection.5.1.5}{Esther}{section.5.1}% 85
\BOOKMARK [1][-]{section.5.2}{Sifrei Eme״t}{chapter.5}% 86
\BOOKMARK [2][-]{subsection.5.2.1}{Psalms}{section.5.2}% 87
\BOOKMARK [2][-]{subsection.5.2.2}{Proverbs}{section.5.2}% 88
\BOOKMARK [2][-]{subsection.5.2.3}{Job}{section.5.2}% 89
\BOOKMARK [1][-]{section.5.3}{Histories}{chapter.5}% 90
\BOOKMARK [2][-]{subsection.5.3.1}{Daniel}{section.5.3}% 91
\BOOKMARK [2][-]{subsection.5.3.2}{Ezra-Nehemiah}{section.5.3}% 92
\BOOKMARK [2][-]{subsection.5.3.3}{Chronicles}{section.5.3}% 93
\BOOKMARK [0][-]{chapter.6}{In\040Liturgy}{}% 94
